Using pre-set license
Built from '2020.3/staging' branch; Version is '2020.3.16f1 (049d6eca3c44) revision 302446'; Using compiler version '192528614'; Build Type 'Release'
OS: 'Windows 10 Home; OS build 19042.1237; Version 2009; 64bit' Language: 'en' Physical Memory: 16335 MB
BatchMode: 1, IsHumanControllingUs: 0, StartBugReporterOnCrash: 0, Is64bit: 1, IsPro: 0

 COMMAND LINE ARGUMENTS:
C:\Program Files\Unity\Editor\Unity.exe
-adb2
-batchMode
-noUpm
-name
AssetImportWorker0
-projectPath
C:/Users/Sarah/OneDrive/Desktop/School/Fall 2021/Computer as a Medium/Tutorial_1.5
-logFile
Logs/AssetImportWorker0.log
-srvPort
61780
Successfully changed project path to: C:/Users/Sarah/OneDrive/Desktop/School/Fall 2021/Computer as a Medium/Tutorial_1.5
C:/Users/Sarah/OneDrive/Desktop/School/Fall 2021/Computer as a Medium/Tutorial_1.5
Using Asset Import Pipeline V2.
Refreshing native plugins compatible for Editor in 47.06 ms, found 3 plugins.
Preloading 0 native plugins for Editor in 0.00 ms.
Initialize engine version: 2020.3.16f1 (049d6eca3c44)
[Subsystems] Discovering subsystems at path C:/Program Files/Unity/Editor/Data/Resources/UnitySubsystems
[Subsystems] Discovering subsystems at path C:/Users/Sarah/OneDrive/Desktop/School/Fall 2021/Computer as a Medium/Tutorial_1.5/Assets
GfxDevice: creating device client; threaded=0
Direct3D:
    Version:  Direct3D 11.0 [level 11.1]
    Renderer: NVIDIA GeForce GTX 1070 (ID=0x1b81)
    Vendor:   
    VRAM:     8088 MB
    Driver:   27.21.14.5671
Initialize mono
Mono path[0] = 'C:/Program Files/Unity/Editor/Data/Managed'
Mono path[1] = 'C:/Program Files/Unity/Editor/Data/MonoBleedingEdge/lib/mono/unityjit'
Mono config path = 'C:/Program Files/Unity/Editor/Data/MonoBleedingEdge/etc'
Using monoOptions --debugger-agent=transport=dt_socket,embedding=1,server=y,suspend=n,address=127.0.0.1:56980
Begin MonoManager ReloadAssembly
Registering precompiled unity dll's ...
Register platform support module: C:/Program Files/Unity/Editor/Data/PlaybackEngines/WebGLSupport/UnityEditor.WebGL.Extensions.dll
Register platform support module: C:/Program Files/Unity/Editor/Data/PlaybackEngines/WindowsStandaloneSupport/UnityEditor.WindowsStandalone.Extensions.dll
Registered in 0.002952 seconds.
Native extension for WindowsStandalone target not found
Native extension for WebGL target not found
Refreshing native plugins compatible for Editor in 45.27 ms, found 3 plugins.
Preloading 0 native plugins for Editor in 0.00 ms.
Mono: successfully reloaded assembly
- Completed reload, in  1.272 seconds
Domain Reload Profiling:
	ReloadAssembly (1272ms)
		BeginReloadAssembly (58ms)
			ExecutionOrderSort (0ms)
			DisableScriptedObjects (0ms)
			BackupInstance (0ms)
			ReleaseScriptingObjects (0ms)
			CreateAndSetChildDomain (1ms)
		EndReloadAssembly (449ms)
			LoadAssemblies (55ms)
			RebuildTransferFunctionScriptingTraits (0ms)
			SetupTypeCache (160ms)
			ReleaseScriptCaches (0ms)
			RebuildScriptCaches (29ms)
			SetupLoadedEditorAssemblies (176ms)
				LogAssemblyErrors (0ms)
				InitializePlatformSupportModulesInManaged (5ms)
				SetLoadedEditorAssemblies (0ms)
				RefreshPlugins (45ms)
				BeforeProcessingInitializeOnLoad (13ms)
				ProcessInitializeOnLoadAttributes (83ms)
				ProcessInitializeOnLoadMethodAttributes (29ms)
				AfterProcessingInitializeOnLoad (0ms)
				EditorAssembliesLoaded (0ms)
			ExecutionOrderSort2 (0ms)
			AwakeInstancesAfterBackupRestoration (0ms)
Platform modules already initialized, skipping
Registering precompiled user dll's ...
Registered in 0.005236 seconds.
Begin MonoManager ReloadAssembly
Native extension for WindowsStandalone target not found
Native extension for WebGL target not found
Refreshing native plugins compatible for Editor in 46.75 ms, found 3 plugins.
Preloading 0 native plugins for Editor in 0.00 ms.
Mono: successfully reloaded assembly
- Completed reload, in  1.301 seconds
Domain Reload Profiling:
	ReloadAssembly (1303ms)
		BeginReloadAssembly (161ms)
			ExecutionOrderSort (0ms)
			DisableScriptedObjects (5ms)
			BackupInstance (0ms)
			ReleaseScriptingObjects (0ms)
			CreateAndSetChildDomain (19ms)
		EndReloadAssembly (1071ms)
			LoadAssemblies (98ms)
			RebuildTransferFunctionScriptingTraits (0ms)
			SetupTypeCache (307ms)
			ReleaseScriptCaches (1ms)
			RebuildScriptCaches (52ms)
			SetupLoadedEditorAssemblies (479ms)
				LogAssemblyErrors (0ms)
				InitializePlatformSupportModulesInManaged (6ms)
				SetLoadedEditorAssemblies (0ms)
				RefreshPlugins (47ms)
				BeforeProcessingInitializeOnLoad (96ms)
				ProcessInitializeOnLoadAttributes (309ms)
				ProcessInitializeOnLoadMethodAttributes (13ms)
				AfterProcessingInitializeOnLoad (9ms)
				EditorAssembliesLoaded (0ms)
			ExecutionOrderSort2 (0ms)
			AwakeInstancesAfterBackupRestoration (7ms)
Platform modules already initialized, skipping
========================================================================
Worker process is ready to serve import requests
Launched and connected shader compiler UnityShaderCompiler.exe after 0.07 seconds
Refreshing native plugins compatible for Editor in 0.52 ms, found 3 plugins.
Preloading 0 native plugins for Editor in 0.00 ms.
Unloading 2092 Unused Serialized files (Serialized files now loaded: 0)
System memory in use before: 93.8 MB.
System memory in use after: 93.8 MB.

Unloading 28 unused Assets to reduce memory usage. Loaded Objects now: 2529.
Total: 3.561400 ms (FindLiveObjects: 0.234300 ms CreateObjectMapping: 0.048700 ms MarkObjects: 3.189800 ms  DeleteObjects: 0.087300 ms)

AssetImportParameters requested are different than current active one (requested -> active):
  custom:framework-win-MediaFoundation: 216162199b28c13a410421893ffa2e32 -> 
  custom:video-decoder-ogg-theora: a1e56fd34408186e4bbccfd4996cb3dc -> 
  custom:container-muxer-webm: aa71ff27fc2769a1b78a27578f13a17b -> 
  custom:container-demuxer-webm: 4f35f7cbe854078d1ac9338744f61a02 -> 
  custom:container-demuxer-ogg: 62fdf1f143b41e24485cea50d1cbac27 -> 
  custom:video-encoder-webm-vp8: eb34c28f22e8b96e1ab97ce403110664 -> 
  custom:video-decoder-webm-vp8: 9c59270c3fd7afecdb556c50c9e8de78 -> 
  custom:audio-decoder-ogg-vorbis: bf7c407c2cedff20999df2af8eb42d56 -> 
  custom:audio-encoder-webm-vorbis: bf7c407c2cedff20999df2af8eb42d56 -> 
========================================================================
Received Import Request.
  path: Assets
  artifactKey: Guid(00000000000000001000000000000000) Importer(815301076,1909f56bfc062723c751e8b465ee728b)
Start importing Assets using Guid(00000000000000001000000000000000) Importer(815301076,1909f56bfc062723c751e8b465ee728b)  -> (artifact id: '42d402b061de3733987d63b9cc3b64de') in 0.006405 seconds 
  Import took 0.009574 seconds .

========================================================================
Received Import Request.
  Time since last request: 0.638108 seconds.
  path: Assets/Scripts
  artifactKey: Guid(acfe728ebc918784b91d645d6d2f3c03) Importer(815301076,1909f56bfc062723c751e8b465ee728b)
Start importing Assets/Scripts using Guid(acfe728ebc918784b91d645d6d2f3c03) Importer(815301076,1909f56bfc062723c751e8b465ee728b)  -> (artifact id: '6d70c13899c6630b6edac0f5b6b1dd8f') in 0.002768 seconds 
  Import took 0.005950 seconds .

========================================================================
Received Prepare
Registering precompiled user dll's ...
Registered in 0.005820 seconds.
Begin MonoManager ReloadAssembly
Native extension for WindowsStandalone target not found
Native extension for WebGL target not found
Refreshing native plugins compatible for Editor in 0.50 ms, found 3 plugins.
Preloading 0 native plugins for Editor in 0.00 ms.
Mono: successfully reloaded assembly
- Completed reload, in  1.170 seconds
Domain Reload Profiling:
	ReloadAssembly (1171ms)
		BeginReloadAssembly (125ms)
			ExecutionOrderSort (0ms)
			DisableScriptedObjects (7ms)
			BackupInstance (0ms)
			ReleaseScriptingObjects (0ms)
			CreateAndSetChildDomain (36ms)
		EndReloadAssembly (968ms)
			LoadAssemblies (99ms)
			RebuildTransferFunctionScriptingTraits (0ms)
			SetupTypeCache (308ms)
			ReleaseScriptCaches (1ms)
			RebuildScriptCaches (44ms)
			SetupLoadedEditorAssemblies (403ms)
				LogAssemblyErrors (0ms)
				InitializePlatformSupportModulesInManaged (6ms)
				SetLoadedEditorAssemblies (0ms)
				RefreshPlugins (1ms)
				BeforeProcessingInitializeOnLoad (104ms)
				ProcessInitializeOnLoadAttributes (277ms)
				ProcessInitializeOnLoadMethodAttributes (5ms)
				AfterProcessingInitializeOnLoad (9ms)
				EditorAssembliesLoaded (0ms)
			ExecutionOrderSort2 (0ms)
			AwakeInstancesAfterBackupRestoration (11ms)
Platform modules already initialized, skipping
Refreshing native plugins compatible for Editor in 0.58 ms, found 3 plugins.
Preloading 0 native plugins for Editor in 0.00 ms.
Unloading 2082 Unused Serialized files (Serialized files now loaded: 0)
System memory in use before: 93.2 MB.
System memory in use after: 93.3 MB.

Unloading 16 unused Assets to reduce memory usage. Loaded Objects now: 2532.
Total: 3.223700 ms (FindLiveObjects: 0.243500 ms CreateObjectMapping: 0.047600 ms MarkObjects: 2.911000 ms  DeleteObjects: 0.019900 ms)

AssetImportParameters requested are different than current active one (requested -> active):
  custom:framework-win-MediaFoundation: 216162199b28c13a410421893ffa2e32 -> 
  custom:video-decoder-ogg-theora: a1e56fd34408186e4bbccfd4996cb3dc -> 
  custom:container-muxer-webm: aa71ff27fc2769a1b78a27578f13a17b -> 
  custom:container-demuxer-webm: 4f35f7cbe854078d1ac9338744f61a02 -> 
  custom:container-demuxer-ogg: 62fdf1f143b41e24485cea50d1cbac27 -> 
  custom:video-encoder-webm-vp8: eb34c28f22e8b96e1ab97ce403110664 -> 
  custom:video-decoder-webm-vp8: 9c59270c3fd7afecdb556c50c9e8de78 -> 
  custom:audio-decoder-ogg-vorbis: bf7c407c2cedff20999df2af8eb42d56 -> 
  custom:audio-encoder-webm-vorbis: bf7c407c2cedff20999df2af8eb42d56 -> 
========================================================================
Received Import Request.
  Time since last request: 11.306002 seconds.
  path: Assets/Sounds
  artifactKey: Guid(e808f1952b209de48ae9a44cf6f95f10) Importer(815301076,1909f56bfc062723c751e8b465ee728b)
Start importing Assets/Sounds using Guid(e808f1952b209de48ae9a44cf6f95f10) Importer(815301076,1909f56bfc062723c751e8b465ee728b)  -> (artifact id: '3a5ec6c3d0f45dbec93c7c6a2ee8dfa4') in 0.006869 seconds 
  Import took 0.010758 seconds .

========================================================================
Received Import Request.
  Time since last request: 0.005351 seconds.
  path: Assets/Sounds
  artifactKey: Guid(e808f1952b209de48ae9a44cf6f95f10) Importer(815301076,1909f56bfc062723c751e8b465ee728b)
Start importing Assets/Sounds using Guid(e808f1952b209de48ae9a44cf6f95f10) Importer(815301076,1909f56bfc062723c751e8b465ee728b)  -> (artifact id: '3a5ec6c3d0f45dbec93c7c6a2ee8dfa4') in 0.002444 seconds 
  Import took 0.005698 seconds .

========================================================================
Received Import Request.
  Time since last request: 31.128442 seconds.
  path: Assets/Animations
  artifactKey: Guid(15ca0208bafba8f48a26d05ec9ebf1fe) Importer(815301076,1909f56bfc062723c751e8b465ee728b)
Start importing Assets/Animations using Guid(15ca0208bafba8f48a26d05ec9ebf1fe) Importer(815301076,1909f56bfc062723c751e8b465ee728b)  -> (artifact id: 'cf113e06a73bf42b7a6d1eeae8ecc19a') in 0.003166 seconds 
  Import took 0.006636 seconds .

========================================================================
Received Import Request.
  Time since last request: 12.876508 seconds.
  path: Assets/Sprites
  artifactKey: Guid(ba9d6dba648cd2b468c933e208b13c69) Importer(815301076,1909f56bfc062723c751e8b465ee728b)
Start importing Assets/Sprites using Guid(ba9d6dba648cd2b468c933e208b13c69) Importer(815301076,1909f56bfc062723c751e8b465ee728b)  -> (artifact id: 'fde6d161e7ceedbc61d5045ea038f6d4') in 0.003335 seconds 
  Import took 0.007269 seconds .

========================================================================
Received Import Request.
  Time since last request: 265.859689 seconds.
  path: Assets/Scripts/CatController.cs
  artifactKey: Guid(74226d5f45ca5244f8cf80ed79ac1bb3) Importer(815301076,1909f56bfc062723c751e8b465ee728b)
Start importing Assets/Scripts/CatController.cs using Guid(74226d5f45ca5244f8cf80ed79ac1bb3) Importer(815301076,1909f56bfc062723c751e8b465ee728b)  -> (artifact id: 'f86ed16a9c06008a0125ca9a65a6b38f') in 0.039743 seconds 
  Import took 0.044165 seconds .

========================================================================
Received Prepare
Registering precompiled user dll's ...
Registered in 0.005398 seconds.
Begin MonoManager ReloadAssembly
Native extension for WindowsStandalone target not found
Native extension for WebGL target not found
Refreshing native plugins compatible for Editor in 0.70 ms, found 3 plugins.
Preloading 0 native plugins for Editor in 0.00 ms.
Mono: successfully reloaded assembly
- Completed reload, in  1.189 seconds
Domain Reload Profiling:
	ReloadAssembly (1189ms)
		BeginReloadAssembly (119ms)
			ExecutionOrderSort (0ms)
			DisableScriptedObjects (7ms)
			BackupInstance (0ms)
			ReleaseScriptingObjects (0ms)
			CreateAndSetChildDomain (36ms)
		EndReloadAssembly (999ms)
			LoadAssemblies (98ms)
			RebuildTransferFunctionScriptingTraits (0ms)
			SetupTypeCache (346ms)
			ReleaseScriptCaches (1ms)
			RebuildScriptCaches (46ms)
			SetupLoadedEditorAssemblies (391ms)
				LogAssemblyErrors (0ms)
				InitializePlatformSupportModulesInManaged (6ms)
				SetLoadedEditorAssemblies (0ms)
				RefreshPlugins (1ms)
				BeforeProcessingInitializeOnLoad (106ms)
				ProcessInitializeOnLoadAttributes (262ms)
				ProcessInitializeOnLoadMethodAttributes (6ms)
				AfterProcessingInitializeOnLoad (9ms)
				EditorAssembliesLoaded (0ms)
			ExecutionOrderSort2 (0ms)
			AwakeInstancesAfterBackupRestoration (11ms)
Platform modules already initialized, skipping
Refreshing native plugins compatible for Editor in 0.52 ms, found 3 plugins.
Preloading 0 native plugins for Editor in 0.00 ms.
Unloading 2082 Unused Serialized files (Serialized files now loaded: 0)
System memory in use before: 93.3 MB.
System memory in use after: 93.4 MB.

Unloading 16 unused Assets to reduce memory usage. Loaded Objects now: 2535.
Total: 3.161200 ms (FindLiveObjects: 0.209700 ms CreateObjectMapping: 0.047400 ms MarkObjects: 2.886700 ms  DeleteObjects: 0.016600 ms)

AssetImportParameters requested are different than current active one (requested -> active):
  custom:framework-win-MediaFoundation: 216162199b28c13a410421893ffa2e32 -> 
  custom:video-decoder-ogg-theora: a1e56fd34408186e4bbccfd4996cb3dc -> 
  custom:container-muxer-webm: aa71ff27fc2769a1b78a27578f13a17b -> 
  custom:container-demuxer-webm: 4f35f7cbe854078d1ac9338744f61a02 -> 
  custom:container-demuxer-ogg: 62fdf1f143b41e24485cea50d1cbac27 -> 
  custom:video-encoder-webm-vp8: eb34c28f22e8b96e1ab97ce403110664 -> 
  custom:video-decoder-webm-vp8: 9c59270c3fd7afecdb556c50c9e8de78 -> 
  custom:audio-decoder-ogg-vorbis: bf7c407c2cedff20999df2af8eb42d56 -> 
  custom:audio-encoder-webm-vorbis: bf7c407c2cedff20999df2af8eb42d56 -> 
========================================================================
Received Prepare
Registering precompiled user dll's ...
Registered in 0.005162 seconds.
Begin MonoManager ReloadAssembly
Native extension for WindowsStandalone target not found
Native extension for WebGL target not found
Refreshing native plugins compatible for Editor in 0.55 ms, found 3 plugins.
Preloading 0 native plugins for Editor in 0.00 ms.
Mono: successfully reloaded assembly
- Completed reload, in  1.182 seconds
Domain Reload Profiling:
	ReloadAssembly (1182ms)
		BeginReloadAssembly (132ms)
			ExecutionOrderSort (0ms)
			DisableScriptedObjects (7ms)
			BackupInstance (0ms)
			ReleaseScriptingObjects (0ms)
			CreateAndSetChildDomain (38ms)
		EndReloadAssembly (972ms)
			LoadAssemblies (105ms)
			RebuildTransferFunctionScriptingTraits (0ms)
			SetupTypeCache (302ms)
			ReleaseScriptCaches (1ms)
			RebuildScriptCaches (47ms)
			SetupLoadedEditorAssemblies (407ms)
				LogAssemblyErrors (0ms)
				InitializePlatformSupportModulesInManaged (6ms)
				SetLoadedEditorAssemblies (0ms)
				RefreshPlugins (1ms)
				BeforeProcessingInitializeOnLoad (103ms)
				ProcessInitializeOnLoadAttributes (281ms)
				ProcessInitializeOnLoadMethodAttributes (6ms)
				AfterProcessingInitializeOnLoad (9ms)
				EditorAssembliesLoaded (0ms)
			ExecutionOrderSort2 (0ms)
			AwakeInstancesAfterBackupRestoration (12ms)
Platform modules already initialized, skipping
Refreshing native plugins compatible for Editor in 0.52 ms, found 3 plugins.
Preloading 0 native plugins for Editor in 0.00 ms.
Unloading 2082 Unused Serialized files (Serialized files now loaded: 0)
System memory in use before: 93.3 MB.
System memory in use after: 93.4 MB.

Unloading 16 unused Assets to reduce memory usage. Loaded Objects now: 2538.
Total: 3.211900 ms (FindLiveObjects: 0.208300 ms CreateObjectMapping: 0.048000 ms MarkObjects: 2.936700 ms  DeleteObjects: 0.017800 ms)

AssetImportParameters requested are different than current active one (requested -> active):
  custom:framework-win-MediaFoundation: 216162199b28c13a410421893ffa2e32 -> 
  custom:video-decoder-ogg-theora: a1e56fd34408186e4bbccfd4996cb3dc -> 
  custom:container-muxer-webm: aa71ff27fc2769a1b78a27578f13a17b -> 
  custom:container-demuxer-webm: 4f35f7cbe854078d1ac9338744f61a02 -> 
  custom:container-demuxer-ogg: 62fdf1f143b41e24485cea50d1cbac27 -> 
  custom:video-encoder-webm-vp8: eb34c28f22e8b96e1ab97ce403110664 -> 
  custom:video-decoder-webm-vp8: 9c59270c3fd7afecdb556c50c9e8de78 -> 
  custom:audio-decoder-ogg-vorbis: bf7c407c2cedff20999df2af8eb42d56 -> 
  custom:audio-encoder-webm-vorbis: bf7c407c2cedff20999df2af8eb42d56 -> 
========================================================================
Received Import Request.
  Time since last request: 33.344740 seconds.
  path: Assets/Scripts/CatController.cs
  artifactKey: Guid(74226d5f45ca5244f8cf80ed79ac1bb3) Importer(815301076,1909f56bfc062723c751e8b465ee728b)
Start importing Assets/Scripts/CatController.cs using Guid(74226d5f45ca5244f8cf80ed79ac1bb3) Importer(815301076,1909f56bfc062723c751e8b465ee728b)  -> (artifact id: '7bf7724c4f699ff301341b951d365a23') in 0.006954 seconds 
  Import took 0.010170 seconds .

========================================================================
Received Import Request.
  Time since last request: 92.417515 seconds.
  path: Assets/Sprites/Dead (1).png
  artifactKey: Guid(72a2f9742fe4e8a419eb77f0e2bc8dcd) Importer(815301076,1909f56bfc062723c751e8b465ee728b)
Start importing Assets/Sprites/Dead (1).png using Guid(72a2f9742fe4e8a419eb77f0e2bc8dcd) Importer(815301076,1909f56bfc062723c751e8b465ee728b)  -> (artifact id: 'd73ef7af0466b88a30fdaba8fe7fafc4') in 0.237308 seconds 
  Import took 0.241432 seconds .

========================================================================
Received Import Request.
  Time since last request: 0.000227 seconds.
  path: Assets/Sprites/Slide (3).png
  artifactKey: Guid(bf0132e95580f89448a1136d57ee1948) Importer(815301076,1909f56bfc062723c751e8b465ee728b)
Start importing Assets/Sprites/Slide (3).png using Guid(bf0132e95580f89448a1136d57ee1948) Importer(815301076,1909f56bfc062723c751e8b465ee728b)  -> (artifact id: '889ef1074e366fc26eefbb4e4567fa38') in 0.015282 seconds 
  Import took 0.018450 seconds .

========================================================================
Received Import Request.
  Time since last request: 0.000197 seconds.
  path: Assets/Sprites/Slide (10).png
  artifactKey: Guid(110df51fea1dc454cbb44cfa406695ca) Importer(815301076,1909f56bfc062723c751e8b465ee728b)
Start importing Assets/Sprites/Slide (10).png using Guid(110df51fea1dc454cbb44cfa406695ca) Importer(815301076,1909f56bfc062723c751e8b465ee728b)  -> (artifact id: '16d32890bd55b3784ff5d1874084757c') in 0.012388 seconds 
  Import took 0.015516 seconds .

========================================================================
Received Import Request.
  Time since last request: 0.000199 seconds.
  path: Assets/Sprites/Fall (5).png
  artifactKey: Guid(7d339c4cf4906d0419ab2a99b50922b9) Importer(815301076,1909f56bfc062723c751e8b465ee728b)
Start importing Assets/Sprites/Fall (5).png using Guid(7d339c4cf4906d0419ab2a99b50922b9) Importer(815301076,1909f56bfc062723c751e8b465ee728b)  -> (artifact id: 'e4b8156ae5b9381e52ad653a607ccf72') in 0.011725 seconds 
  Import took 0.014520 seconds .

========================================================================
Received Import Request.
  Time since last request: 0.000245 seconds.
  path: Assets/Sprites/Slide (1).png
  artifactKey: Guid(2ea511b1a3b7bdd4d8687dcae10b36c5) Importer(815301076,1909f56bfc062723c751e8b465ee728b)
Start importing Assets/Sprites/Slide (1).png using Guid(2ea511b1a3b7bdd4d8687dcae10b36c5) Importer(815301076,1909f56bfc062723c751e8b465ee728b)  -> (artifact id: '3e92ddd9bec113c044765f25ec246a9a') in 0.012199 seconds 
  Import took 0.015296 seconds .

========================================================================
Received Import Request.
  Time since last request: 0.000195 seconds.
  path: Assets/Sprites/Slide (5).png
  artifactKey: Guid(782c7f8b6ee157e448d338fb964a0c8c) Importer(815301076,1909f56bfc062723c751e8b465ee728b)
Start importing Assets/Sprites/Slide (5).png using Guid(782c7f8b6ee157e448d338fb964a0c8c) Importer(815301076,1909f56bfc062723c751e8b465ee728b)  -> (artifact id: '033bc428f92a92313946e10341e6b37b') in 0.011707 seconds 
  Import took 0.014801 seconds .

========================================================================
Received Import Request.
  Time since last request: 0.000186 seconds.
  path: Assets/Sprites/Slide (4).png
  artifactKey: Guid(da254af70b653344d92e4b6d0ee8b6a2) Importer(815301076,1909f56bfc062723c751e8b465ee728b)
Start importing Assets/Sprites/Slide (4).png using Guid(da254af70b653344d92e4b6d0ee8b6a2) Importer(815301076,1909f56bfc062723c751e8b465ee728b)  -> (artifact id: 'fd3ad2d54ca4ba0e2af15295b114b25c') in 0.011401 seconds 
  Import took 0.014722 seconds .

========================================================================
Received Import Request.
  Time since last request: 0.000222 seconds.
  path: Assets/Sprites/Slide (9).png
  artifactKey: Guid(36db2821e4392c445a5d3ed78e06d1b3) Importer(815301076,1909f56bfc062723c751e8b465ee728b)
Start importing Assets/Sprites/Slide (9).png using Guid(36db2821e4392c445a5d3ed78e06d1b3) Importer(815301076,1909f56bfc062723c751e8b465ee728b)  -> (artifact id: '36d1d134662494713b1fd9b97a91772b') in 0.015899 seconds 
  Import took 0.019580 seconds .

========================================================================
Received Import Request.
  Time since last request: 0.000229 seconds.
  path: Assets/Sprites/Fall (2).png
  artifactKey: Guid(a9e3ecdd30b1eb64ea85e07b84431df8) Importer(815301076,1909f56bfc062723c751e8b465ee728b)
Start importing Assets/Sprites/Fall (2).png using Guid(a9e3ecdd30b1eb64ea85e07b84431df8) Importer(815301076,1909f56bfc062723c751e8b465ee728b)  -> (artifact id: '186526879228958d30ec657bca760e4a') in 0.013280 seconds 
  Import took 0.016897 seconds .

========================================================================
Received Import Request.
  Time since last request: 0.000209 seconds.
  path: Assets/Sprites/Walk (5).png
  artifactKey: Guid(7ca03363fc0b49e4fbd779bfd3d89300) Importer(815301076,1909f56bfc062723c751e8b465ee728b)
Start importing Assets/Sprites/Walk (5).png using Guid(7ca03363fc0b49e4fbd779bfd3d89300) Importer(815301076,1909f56bfc062723c751e8b465ee728b)  -> (artifact id: '0334f6b5b263695c3fae963ed04787da') in 0.012315 seconds 
  Import took 0.015315 seconds .

========================================================================
Received Import Request.
  Time since last request: 0.000199 seconds.
  path: Assets/Sprites/Dead (8).png
  artifactKey: Guid(591f8952c4bdcb14aa8718a9fbddb4da) Importer(815301076,1909f56bfc062723c751e8b465ee728b)
Start importing Assets/Sprites/Dead (8).png using Guid(591f8952c4bdcb14aa8718a9fbddb4da) Importer(815301076,1909f56bfc062723c751e8b465ee728b)  -> (artifact id: '3d83810083c15023cc7842f49b637d02') in 0.013675 seconds 
  Import took 0.016737 seconds .

========================================================================
Received Import Request.
  Time since last request: 0.000226 seconds.
  path: Assets/Sprites/Idle (2).png
  artifactKey: Guid(cecbb1857e7a2f444a9def6c7a5d6ae4) Importer(815301076,1909f56bfc062723c751e8b465ee728b)
Start importing Assets/Sprites/Idle (2).png using Guid(cecbb1857e7a2f444a9def6c7a5d6ae4) Importer(815301076,1909f56bfc062723c751e8b465ee728b)  -> (artifact id: '20d1ee296011197fc6954f6711d48590') in 0.013044 seconds 
  Import took 0.016310 seconds .

========================================================================
Received Import Request.
  Time since last request: 0.000242 seconds.
  path: Assets/Sprites/Walk (9).png
  artifactKey: Guid(cfeafd4545a6f5d46bb9581dffc9276d) Importer(815301076,1909f56bfc062723c751e8b465ee728b)
Start importing Assets/Sprites/Walk (9).png using Guid(cfeafd4545a6f5d46bb9581dffc9276d) Importer(815301076,1909f56bfc062723c751e8b465ee728b)  -> (artifact id: '6242df491c2a840deb2a20c095bbc150') in 0.011948 seconds 
  Import took 0.015437 seconds .

========================================================================
Received Import Request.
  Time since last request: 0.000204 seconds.
  path: Assets/Sprites/Jump (1).png
  artifactKey: Guid(8485f6124bee2a94e824f0454484c102) Importer(815301076,1909f56bfc062723c751e8b465ee728b)
Start importing Assets/Sprites/Jump (1).png using Guid(8485f6124bee2a94e824f0454484c102) Importer(815301076,1909f56bfc062723c751e8b465ee728b)  -> (artifact id: '93b51bf28da91fc1ef5ae5ec2be39750') in 0.012943 seconds 
  Import took 0.016290 seconds .

========================================================================
Received Import Request.
  Time since last request: 0.000184 seconds.
  path: Assets/Sprites/Slide (2).png
  artifactKey: Guid(4cf48bca4e0c9d441ba6bc14f27a459e) Importer(815301076,1909f56bfc062723c751e8b465ee728b)
Start importing Assets/Sprites/Slide (2).png using Guid(4cf48bca4e0c9d441ba6bc14f27a459e) Importer(815301076,1909f56bfc062723c751e8b465ee728b)  -> (artifact id: '6533704fa9fe27366dd97417ea39441e') in 0.013065 seconds 
  Import took 0.016213 seconds .

========================================================================
Received Import Request.
  Time since last request: 0.000194 seconds.
  path: Assets/Sprites/Walk (10).png
  artifactKey: Guid(781272211da8bad4d9b8265be32f98a6) Importer(815301076,1909f56bfc062723c751e8b465ee728b)
Start importing Assets/Sprites/Walk (10).png using Guid(781272211da8bad4d9b8265be32f98a6) Importer(815301076,1909f56bfc062723c751e8b465ee728b)  -> (artifact id: '6f240c209b197fc9befeb1d7bad50012') in 0.013184 seconds 
  Import took 0.016280 seconds .

========================================================================
Received Import Request.
  Time since last request: 0.000233 seconds.
  path: Assets/Sprites/Dead (9).png
  artifactKey: Guid(061004175d747134b906eb91afa45d79) Importer(815301076,1909f56bfc062723c751e8b465ee728b)
Start importing Assets/Sprites/Dead (9).png using Guid(061004175d747134b906eb91afa45d79) Importer(815301076,1909f56bfc062723c751e8b465ee728b)  -> (artifact id: 'b384ab25f7533e49f2438b7c592d55d4') in 0.013576 seconds 
  Import took 0.016882 seconds .

========================================================================
Received Import Request.
  Time since last request: 0.000224 seconds.
  path: Assets/Sprites/Jump (6).png
  artifactKey: Guid(f4392062c7dff2c408460d5dd7654e3d) Importer(815301076,1909f56bfc062723c751e8b465ee728b)
Start importing Assets/Sprites/Jump (6).png using Guid(f4392062c7dff2c408460d5dd7654e3d) Importer(815301076,1909f56bfc062723c751e8b465ee728b)  -> (artifact id: '1d333008fdfefe6e7e2f710967cf0844') in 0.013359 seconds 
  Import took 0.016575 seconds .

========================================================================
Received Import Request.
  Time since last request: 0.000227 seconds.
  path: Assets/Sprites/Walk (7).png
  artifactKey: Guid(f40d085dd3499f742a959f4376bdb139) Importer(815301076,1909f56bfc062723c751e8b465ee728b)
Start importing Assets/Sprites/Walk (7).png using Guid(f40d085dd3499f742a959f4376bdb139) Importer(815301076,1909f56bfc062723c751e8b465ee728b)  -> (artifact id: 'a2b404e9fc95fcb2daecd9badf95bb00') in 0.013159 seconds 
  Import took 0.016355 seconds .

========================================================================
Received Import Request.
  Time since last request: 0.000191 seconds.
  path: Assets/Sprites/Dead (5).png
  artifactKey: Guid(d8628e5f32eb1d94e804891833381f03) Importer(815301076,1909f56bfc062723c751e8b465ee728b)
Start importing Assets/Sprites/Dead (5).png using Guid(d8628e5f32eb1d94e804891833381f03) Importer(815301076,1909f56bfc062723c751e8b465ee728b)  -> (artifact id: '95d60e831efa3563cce032fc31a7d97d') in 0.012974 seconds 
  Import took 0.015935 seconds .

========================================================================
Received Import Request.
  Time since last request: 0.000166 seconds.
  path: Assets/Sprites/Dead (7).png
  artifactKey: Guid(cf98bb269cede884b830910c4e199912) Importer(815301076,1909f56bfc062723c751e8b465ee728b)
Start importing Assets/Sprites/Dead (7).png using Guid(cf98bb269cede884b830910c4e199912) Importer(815301076,1909f56bfc062723c751e8b465ee728b)  -> (artifact id: 'fee30848368724d44277bd3e74b6a372') in 0.014070 seconds 
  Import took 0.017174 seconds .

========================================================================
Received Import Request.
  Time since last request: 0.000202 seconds.
  path: Assets/Sprites/Idle (10).png
  artifactKey: Guid(ff8013335527e39468e78b5a05e2cc22) Importer(815301076,1909f56bfc062723c751e8b465ee728b)
Start importing Assets/Sprites/Idle (10).png using Guid(ff8013335527e39468e78b5a05e2cc22) Importer(815301076,1909f56bfc062723c751e8b465ee728b)  -> (artifact id: '416ac43e1efabf4386e0830e97ecb9a1') in 0.013591 seconds 
  Import took 0.016929 seconds .

========================================================================
Received Import Request.
  Time since last request: 0.000236 seconds.
  path: Assets/Sprites/Jump (5).png
  artifactKey: Guid(10131e495830ca044817ad67d2685f64) Importer(815301076,1909f56bfc062723c751e8b465ee728b)
Start importing Assets/Sprites/Jump (5).png using Guid(10131e495830ca044817ad67d2685f64) Importer(815301076,1909f56bfc062723c751e8b465ee728b)  -> (artifact id: 'e4250743f3b50e272ebd343fb06564b4') in 0.019239 seconds 
  Import took 0.023893 seconds .

========================================================================
Received Import Request.
  Time since last request: 0.000235 seconds.
  path: Assets/Sprites/Run (5).png
  artifactKey: Guid(eeb57a5e122baa8488c25a401400450a) Importer(815301076,1909f56bfc062723c751e8b465ee728b)
Start importing Assets/Sprites/Run (5).png using Guid(eeb57a5e122baa8488c25a401400450a) Importer(815301076,1909f56bfc062723c751e8b465ee728b)  -> (artifact id: '6758e7efacc2f8baa434e381181963ca') in 0.018874 seconds 
  Import took 0.023761 seconds .

========================================================================
Received Import Request.
  Time since last request: 0.000291 seconds.
  path: Assets/Sprites/Jump (2).png
  artifactKey: Guid(28ee8063d3e9844469ab43a3a2b22cfb) Importer(815301076,1909f56bfc062723c751e8b465ee728b)
Start importing Assets/Sprites/Jump (2).png using Guid(28ee8063d3e9844469ab43a3a2b22cfb) Importer(815301076,1909f56bfc062723c751e8b465ee728b)  -> (artifact id: 'bbaa1d6625f182055b42945902f230f1') in 0.022119 seconds 
  Import took 0.026946 seconds .

========================================================================
Received Import Request.
  Time since last request: 0.000240 seconds.
  path: Assets/Sprites/Idle (8).png
  artifactKey: Guid(ab7c67246840f0a4ba3d6e409126db01) Importer(815301076,1909f56bfc062723c751e8b465ee728b)
Start importing Assets/Sprites/Idle (8).png using Guid(ab7c67246840f0a4ba3d6e409126db01) Importer(815301076,1909f56bfc062723c751e8b465ee728b)  -> (artifact id: 'a8435891ae65ce20b03bea7cb81624d2') in 0.017619 seconds 
  Import took 0.022111 seconds .

========================================================================
Received Import Request.
  Time since last request: 0.000224 seconds.
  path: Assets/Sprites/Hurt (2).png
  artifactKey: Guid(d3ad83b18e7a30f46ba1d4783843bfdf) Importer(815301076,1909f56bfc062723c751e8b465ee728b)
Start importing Assets/Sprites/Hurt (2).png using Guid(d3ad83b18e7a30f46ba1d4783843bfdf) Importer(815301076,1909f56bfc062723c751e8b465ee728b)  -> (artifact id: '312a7ec0b8d0d80fad69b7f30eaa64a8') in 0.018094 seconds 
  Import took 0.022983 seconds .

========================================================================
Received Import Request.
  Time since last request: 0.000291 seconds.
  path: Assets/Sprites/Idle (1).png
  artifactKey: Guid(260dbbae79f50cb42b14aaf0399f57cc) Importer(815301076,1909f56bfc062723c751e8b465ee728b)
Start importing Assets/Sprites/Idle (1).png using Guid(260dbbae79f50cb42b14aaf0399f57cc) Importer(815301076,1909f56bfc062723c751e8b465ee728b)  -> (artifact id: 'ce6975e49d2e7973c895b1e6df95d280') in 0.017513 seconds 
  Import took 0.023116 seconds .

========================================================================
Received Import Request.
  Time since last request: 0.000259 seconds.
  path: Assets/Sprites/Jump (7).png
  artifactKey: Guid(04539de97abfd3d4494882a27f34c54d) Importer(815301076,1909f56bfc062723c751e8b465ee728b)
Start importing Assets/Sprites/Jump (7).png using Guid(04539de97abfd3d4494882a27f34c54d) Importer(815301076,1909f56bfc062723c751e8b465ee728b)  -> (artifact id: 'e6ee472583a50ae171d183944c905ac7') in 0.016691 seconds 
  Import took 0.022005 seconds .

========================================================================
Received Import Request.
  Time since last request: 0.000206 seconds.
  path: Assets/Sprites/Run (2).png
  artifactKey: Guid(d4307f75e4c532143a0af0273f9b6982) Importer(815301076,1909f56bfc062723c751e8b465ee728b)
Start importing Assets/Sprites/Run (2).png using Guid(d4307f75e4c532143a0af0273f9b6982) Importer(815301076,1909f56bfc062723c751e8b465ee728b)  -> (artifact id: '10d3be97373073a0313a24c2fd49eb79') in 0.015697 seconds 
  Import took 0.019331 seconds .

========================================================================
Received Import Request.
  Time since last request: 0.000216 seconds.
  path: Assets/Sprites/Walk (1).png
  artifactKey: Guid(7bc71e46ae5d7ee49801a7d002e5fbdb) Importer(815301076,1909f56bfc062723c751e8b465ee728b)
Start importing Assets/Sprites/Walk (1).png using Guid(7bc71e46ae5d7ee49801a7d002e5fbdb) Importer(815301076,1909f56bfc062723c751e8b465ee728b)  -> (artifact id: '5e82010000b67f0d3b5d7ab54648d97d') in 0.015491 seconds 
  Import took 0.019456 seconds .

========================================================================
Received Import Request.
  Time since last request: 0.000215 seconds.
  path: Assets/Sprites/Dead (3).png
  artifactKey: Guid(515e6ba82ba99cb44afc804a6d1b2700) Importer(815301076,1909f56bfc062723c751e8b465ee728b)
Start importing Assets/Sprites/Dead (3).png using Guid(515e6ba82ba99cb44afc804a6d1b2700) Importer(815301076,1909f56bfc062723c751e8b465ee728b)  -> (artifact id: 'e64b80219275ae6a6728c991b862e4d3') in 0.015156 seconds 
  Import took 0.019479 seconds .

========================================================================
Received Import Request.
  Time since last request: 0.000277 seconds.
  path: Assets/Sprites/Slide (8).png
  artifactKey: Guid(43581815e496db7488a1bcb3ee421ec7) Importer(815301076,1909f56bfc062723c751e8b465ee728b)
Start importing Assets/Sprites/Slide (8).png using Guid(43581815e496db7488a1bcb3ee421ec7) Importer(815301076,1909f56bfc062723c751e8b465ee728b)  -> (artifact id: 'a37e4deac2b9890d64979b2e4cf4f605') in 0.016114 seconds 
  Import took 0.020239 seconds .

========================================================================
Received Import Request.
  Time since last request: 0.000175 seconds.
  path: Assets/Sprites/Fall (4).png
  artifactKey: Guid(36d0b55efbd95fb48932b69162623d60) Importer(815301076,1909f56bfc062723c751e8b465ee728b)
Start importing Assets/Sprites/Fall (4).png using Guid(36d0b55efbd95fb48932b69162623d60) Importer(815301076,1909f56bfc062723c751e8b465ee728b)  -> (artifact id: 'd7564572d8d1b678f02f5ce517bf04c1') in 0.016018 seconds 
  Import took 0.020130 seconds .

========================================================================
Received Import Request.
  Time since last request: 0.000383 seconds.
  path: Assets/Sprites/Hurt (1).png
  artifactKey: Guid(1cc88413ce65d8e4cbe65e474d07c7d1) Importer(815301076,1909f56bfc062723c751e8b465ee728b)
Start importing Assets/Sprites/Hurt (1).png using Guid(1cc88413ce65d8e4cbe65e474d07c7d1) Importer(815301076,1909f56bfc062723c751e8b465ee728b)  -> (artifact id: 'a29f6acf6f59920427789885db490dad') in 0.015397 seconds 
  Import took 0.019399 seconds .

========================================================================
Received Import Request.
  Time since last request: 0.000308 seconds.
  path: Assets/Sprites/Idle (6).png
  artifactKey: Guid(0e68645e6a447744aa25e8a4ba74bd5b) Importer(815301076,1909f56bfc062723c751e8b465ee728b)
Start importing Assets/Sprites/Idle (6).png using Guid(0e68645e6a447744aa25e8a4ba74bd5b) Importer(815301076,1909f56bfc062723c751e8b465ee728b)  -> (artifact id: '8ae3ed46ea74207e3c0ca04cddb8baef') in 0.015241 seconds 
  Import took 0.019475 seconds .

========================================================================
Received Import Request.
  Time since last request: 0.000253 seconds.
  path: Assets/Sprites/Hurt (9).png
  artifactKey: Guid(55b91c4f3d0e2d54485c434ba7a344cb) Importer(815301076,1909f56bfc062723c751e8b465ee728b)
Start importing Assets/Sprites/Hurt (9).png using Guid(55b91c4f3d0e2d54485c434ba7a344cb) Importer(815301076,1909f56bfc062723c751e8b465ee728b)  -> (artifact id: 'e458908efc737cc0a5b53ffe24d1e411') in 0.013817 seconds 
  Import took 0.017493 seconds .

========================================================================
Received Import Request.
  Time since last request: 0.000241 seconds.
  path: Assets/Sprites/Dead (4).png
  artifactKey: Guid(ecb1c63ed90d71a4c95811f277234e8c) Importer(815301076,1909f56bfc062723c751e8b465ee728b)
Start importing Assets/Sprites/Dead (4).png using Guid(ecb1c63ed90d71a4c95811f277234e8c) Importer(815301076,1909f56bfc062723c751e8b465ee728b)  -> (artifact id: '5c0ecc4841b2b7f5b97c31e929731dc0') in 0.012952 seconds 
  Import took 0.016416 seconds .

========================================================================
Received Import Request.
  Time since last request: 0.000240 seconds.
  path: Assets/Sprites/Jump (4).png
  artifactKey: Guid(776c1971cf43b9d49b75971c234c33a8) Importer(815301076,1909f56bfc062723c751e8b465ee728b)
Start importing Assets/Sprites/Jump (4).png using Guid(776c1971cf43b9d49b75971c234c33a8) Importer(815301076,1909f56bfc062723c751e8b465ee728b)  -> (artifact id: '69bfedae2c270f23d58db35a779d8439') in 0.014751 seconds 
  Import took 0.019117 seconds .

========================================================================
Received Import Request.
  Time since last request: 0.000267 seconds.
  path: Assets/Sprites/Dead (2).png
  artifactKey: Guid(d9e318ac777bb8d41bdf17ff6b1fc927) Importer(815301076,1909f56bfc062723c751e8b465ee728b)
Start importing Assets/Sprites/Dead (2).png using Guid(d9e318ac777bb8d41bdf17ff6b1fc927) Importer(815301076,1909f56bfc062723c751e8b465ee728b)  -> (artifact id: '766bb398d8782d5588b840ce8bc86ac0') in 0.012754 seconds 
  Import took 0.016258 seconds .

========================================================================
Received Import Request.
  Time since last request: 0.000194 seconds.
  path: Assets/Sprites/Dead (10).png
  artifactKey: Guid(6f634d5ae4f3ba84b8768d1d062fd8c4) Importer(815301076,1909f56bfc062723c751e8b465ee728b)
Start importing Assets/Sprites/Dead (10).png using Guid(6f634d5ae4f3ba84b8768d1d062fd8c4) Importer(815301076,1909f56bfc062723c751e8b465ee728b)  -> (artifact id: 'fe2e72666949a90f34d5ceec61ba1f86') in 0.011814 seconds 
  Import took 0.014864 seconds .

========================================================================
Received Import Request.
  Time since last request: 0.000208 seconds.
  path: Assets/Sprites/Walk (4).png
  artifactKey: Guid(41393c67794dbf24a95bce32886821ad) Importer(815301076,1909f56bfc062723c751e8b465ee728b)
Start importing Assets/Sprites/Walk (4).png using Guid(41393c67794dbf24a95bce32886821ad) Importer(815301076,1909f56bfc062723c751e8b465ee728b)  -> (artifact id: 'c376dce404bf479310e070d7a6cc809c') in 0.014405 seconds 
  Import took 0.017777 seconds .

========================================================================
Received Import Request.
  Time since last request: 0.000196 seconds.
  path: Assets/Sprites/Jump (8).png
  artifactKey: Guid(7524c6b1605345c469943ea9d528442a) Importer(815301076,1909f56bfc062723c751e8b465ee728b)
Start importing Assets/Sprites/Jump (8).png using Guid(7524c6b1605345c469943ea9d528442a) Importer(815301076,1909f56bfc062723c751e8b465ee728b)  -> (artifact id: '8ea3ec1505d295ff94b1837a24ae3422') in 0.016391 seconds 
  Import took 0.019668 seconds .

========================================================================
Received Import Request.
  Time since last request: 0.000198 seconds.
  path: Assets/Sprites/Run (4).png
  artifactKey: Guid(5fd3d2d13670994418841f852eb514ca) Importer(815301076,1909f56bfc062723c751e8b465ee728b)
Start importing Assets/Sprites/Run (4).png using Guid(5fd3d2d13670994418841f852eb514ca) Importer(815301076,1909f56bfc062723c751e8b465ee728b)  -> (artifact id: '7c7e524995f9af1d0a84841c3c229319') in 0.013066 seconds 
  Import took 0.016119 seconds .

========================================================================
Received Import Request.
  Time since last request: 0.000173 seconds.
  path: Assets/Sprites/Fall (7).png
  artifactKey: Guid(7a9cf0142cca7e54b856a7d4c607beb2) Importer(815301076,1909f56bfc062723c751e8b465ee728b)
Start importing Assets/Sprites/Fall (7).png using Guid(7a9cf0142cca7e54b856a7d4c607beb2) Importer(815301076,1909f56bfc062723c751e8b465ee728b)  -> (artifact id: 'e56cc0e6614aff5e6ea03a0b0b3792ae') in 0.013178 seconds 
  Import took 0.016449 seconds .

========================================================================
Received Import Request.
  Time since last request: 0.000229 seconds.
  path: Assets/Sprites/Hurt (5).png
  artifactKey: Guid(758e2569a3a77be418cdbdcc1dfc22e7) Importer(815301076,1909f56bfc062723c751e8b465ee728b)
Start importing Assets/Sprites/Hurt (5).png using Guid(758e2569a3a77be418cdbdcc1dfc22e7) Importer(815301076,1909f56bfc062723c751e8b465ee728b)  -> (artifact id: '6b1ffda6518356ae2f88e3973764f9c7') in 0.012677 seconds 
  Import took 0.016194 seconds .

========================================================================
Received Import Request.
  Time since last request: 0.000216 seconds.
  path: Assets/Sprites/Fall (8).png
  artifactKey: Guid(2dcf25cf293335e49a357878e3a6c6bf) Importer(815301076,1909f56bfc062723c751e8b465ee728b)
Start importing Assets/Sprites/Fall (8).png using Guid(2dcf25cf293335e49a357878e3a6c6bf) Importer(815301076,1909f56bfc062723c751e8b465ee728b)  -> (artifact id: 'fe28aa22be4b5dbbd4582c8e49f74579') in 0.013892 seconds 
  Import took 0.017432 seconds .

========================================================================
Received Import Request.
  Time since last request: 0.000242 seconds.
  path: Assets/Sprites/Fall (1).png
  artifactKey: Guid(988a8c99c85059e41a067cc2bed4d982) Importer(815301076,1909f56bfc062723c751e8b465ee728b)
Start importing Assets/Sprites/Fall (1).png using Guid(988a8c99c85059e41a067cc2bed4d982) Importer(815301076,1909f56bfc062723c751e8b465ee728b)  -> (artifact id: 'ec66edd26104dc6f793f98e77c9033db') in 0.014394 seconds 
  Import took 0.017896 seconds .

========================================================================
Received Import Request.
  Time since last request: 0.000208 seconds.
  path: Assets/Sprites/Hurt (3).png
  artifactKey: Guid(a3cf3288c85043747bd40c0cf41227c2) Importer(815301076,1909f56bfc062723c751e8b465ee728b)
Start importing Assets/Sprites/Hurt (3).png using Guid(a3cf3288c85043747bd40c0cf41227c2) Importer(815301076,1909f56bfc062723c751e8b465ee728b)  -> (artifact id: '5689dc67b40416377b42e8d19ab7b6a4') in 0.013777 seconds 
  Import took 0.018083 seconds .

========================================================================
Received Import Request.
  Time since last request: 0.000252 seconds.
  path: Assets/Sprites/Run (1).png
  artifactKey: Guid(9539ed21e31c9234caddd34a2db8ce6c) Importer(815301076,1909f56bfc062723c751e8b465ee728b)
Start importing Assets/Sprites/Run (1).png using Guid(9539ed21e31c9234caddd34a2db8ce6c) Importer(815301076,1909f56bfc062723c751e8b465ee728b)  -> (artifact id: 'cc3325dcb63fceb9fcba573fd73d3f2c') in 0.012920 seconds 
  Import took 0.016202 seconds .

========================================================================
Received Import Request.
  Time since last request: 0.000185 seconds.
  path: Assets/Sprites/Idle (5).png
  artifactKey: Guid(7d4898f255b50994087c2089ff89b6da) Importer(815301076,1909f56bfc062723c751e8b465ee728b)
Start importing Assets/Sprites/Idle (5).png using Guid(7d4898f255b50994087c2089ff89b6da) Importer(815301076,1909f56bfc062723c751e8b465ee728b)  -> (artifact id: '6ee6306e381bd9792726c6f8e318128e') in 0.013577 seconds 
  Import took 0.016539 seconds .

========================================================================
Received Import Request.
  Time since last request: 0.000242 seconds.
  path: Assets/Sprites/Jump (3).png
  artifactKey: Guid(5c8b138075bb31845a607fee5d0f6fd6) Importer(815301076,1909f56bfc062723c751e8b465ee728b)
Start importing Assets/Sprites/Jump (3).png using Guid(5c8b138075bb31845a607fee5d0f6fd6) Importer(815301076,1909f56bfc062723c751e8b465ee728b)  -> (artifact id: '1bdf090ef0dd1ffd8961a3d32c126302') in 0.013075 seconds 
  Import took 0.017034 seconds .

========================================================================
Received Import Request.
  Time since last request: 0.000197 seconds.
  path: Assets/Sprites/Slide (7).png
  artifactKey: Guid(c6c30f7d8386b574ba72715285ec0e76) Importer(815301076,1909f56bfc062723c751e8b465ee728b)
Start importing Assets/Sprites/Slide (7).png using Guid(c6c30f7d8386b574ba72715285ec0e76) Importer(815301076,1909f56bfc062723c751e8b465ee728b)  -> (artifact id: '45b02c965ebbedb45903bec0042e6a65') in 0.013421 seconds 
  Import took 0.016644 seconds .

========================================================================
Received Import Request.
  Time since last request: 0.000179 seconds.
  path: Assets/Sprites/Run (6).png
  artifactKey: Guid(187a0dbe875b9eb4eafdc818dcdbf912) Importer(815301076,1909f56bfc062723c751e8b465ee728b)
Start importing Assets/Sprites/Run (6).png using Guid(187a0dbe875b9eb4eafdc818dcdbf912) Importer(815301076,1909f56bfc062723c751e8b465ee728b)  -> (artifact id: 'bf2107ba6b5f8678db9d667beaa7aa19') in 0.016558 seconds 
  Import took 0.020488 seconds .

========================================================================
Received Import Request.
  Time since last request: 0.000223 seconds.
  path: Assets/Sprites/Fall (6).png
  artifactKey: Guid(f1dd7bf521729e441859bc30dc319aee) Importer(815301076,1909f56bfc062723c751e8b465ee728b)
Start importing Assets/Sprites/Fall (6).png using Guid(f1dd7bf521729e441859bc30dc319aee) Importer(815301076,1909f56bfc062723c751e8b465ee728b)  -> (artifact id: '96c844655e0a3c51aeaa75e8d3e61afa') in 0.016037 seconds 
  Import took 0.020445 seconds .

========================================================================
Received Import Request.
  Time since last request: 0.000300 seconds.
  path: Assets/Sprites/Walk (2).png
  artifactKey: Guid(12775d3274ecacb48bb721580fbe0731) Importer(815301076,1909f56bfc062723c751e8b465ee728b)
Start importing Assets/Sprites/Walk (2).png using Guid(12775d3274ecacb48bb721580fbe0731) Importer(815301076,1909f56bfc062723c751e8b465ee728b)  -> (artifact id: 'be0e36d2d6053fbc064c0225d344abca') in 0.019183 seconds 
  Import took 0.023945 seconds .

========================================================================
Received Import Request.
  Time since last request: 0.000245 seconds.
  path: Assets/Sprites/Dead (6).png
  artifactKey: Guid(5253e3e506990144aa8b332143ba3b67) Importer(815301076,1909f56bfc062723c751e8b465ee728b)
Start importing Assets/Sprites/Dead (6).png using Guid(5253e3e506990144aa8b332143ba3b67) Importer(815301076,1909f56bfc062723c751e8b465ee728b)  -> (artifact id: 'b1a723751d32d3014048f6cd2a990093') in 0.016945 seconds 
  Import took 0.021656 seconds .

========================================================================
Received Import Request.
  Time since last request: 0.000244 seconds.
  path: Assets/Sprites/Idle (9).png
  artifactKey: Guid(9dc5384d5b717ce438c18f777ae4915a) Importer(815301076,1909f56bfc062723c751e8b465ee728b)
Start importing Assets/Sprites/Idle (9).png using Guid(9dc5384d5b717ce438c18f777ae4915a) Importer(815301076,1909f56bfc062723c751e8b465ee728b)  -> (artifact id: 'a5d91d08f70c0ce7d64cfda211a72f9e') in 0.014713 seconds 
  Import took 0.018815 seconds .

========================================================================
Received Import Request.
  Time since last request: 0.000201 seconds.
  path: Assets/Sprites/Walk (6).png
  artifactKey: Guid(b7ac0d38fb28ca840859afab8ca44c00) Importer(815301076,1909f56bfc062723c751e8b465ee728b)
Start importing Assets/Sprites/Walk (6).png using Guid(b7ac0d38fb28ca840859afab8ca44c00) Importer(815301076,1909f56bfc062723c751e8b465ee728b)  -> (artifact id: 'a0c9ed9723d599fa32f403f9d87692bf') in 0.016443 seconds 
  Import took 0.020605 seconds .

========================================================================
Received Import Request.
  Time since last request: 0.000212 seconds.
  path: Assets/Sprites/Walk (8).png
  artifactKey: Guid(87ee35eff97c09040834c152699f24a8) Importer(815301076,1909f56bfc062723c751e8b465ee728b)
Start importing Assets/Sprites/Walk (8).png using Guid(87ee35eff97c09040834c152699f24a8) Importer(815301076,1909f56bfc062723c751e8b465ee728b)  -> (artifact id: '964967342dbbf1ce5972f71c8d7eef7e') in 0.016990 seconds 
  Import took 0.021580 seconds .

========================================================================
Received Import Request.
  Time since last request: 0.000300 seconds.
  path: Assets/Sprites/Fall (3).png
  artifactKey: Guid(3086e0666b32fa64f83a93388041a495) Importer(815301076,1909f56bfc062723c751e8b465ee728b)
Start importing Assets/Sprites/Fall (3).png using Guid(3086e0666b32fa64f83a93388041a495) Importer(815301076,1909f56bfc062723c751e8b465ee728b)  -> (artifact id: 'b626d5353077928d48dd9f0d9879a467') in 0.015314 seconds 
  Import took 0.020292 seconds .

========================================================================
Received Import Request.
  Time since last request: 0.000268 seconds.
  path: Assets/Sprites/Slide (6).png
  artifactKey: Guid(d1cd514678f3f334892ffffa1133e969) Importer(815301076,1909f56bfc062723c751e8b465ee728b)
Start importing Assets/Sprites/Slide (6).png using Guid(d1cd514678f3f334892ffffa1133e969) Importer(815301076,1909f56bfc062723c751e8b465ee728b)  -> (artifact id: 'd892a00bf3a0fba474b73fcbac3cd0ef') in 0.015363 seconds 
  Import took 0.019584 seconds .

========================================================================
Received Import Request.
  Time since last request: 0.000284 seconds.
  path: Assets/Sprites/Run (7).png
  artifactKey: Guid(bd0406eb95736fb4596cbb88164e1b20) Importer(815301076,1909f56bfc062723c751e8b465ee728b)
Start importing Assets/Sprites/Run (7).png using Guid(bd0406eb95736fb4596cbb88164e1b20) Importer(815301076,1909f56bfc062723c751e8b465ee728b)  -> (artifact id: '1651103d769ccb788f0e8b853cef20e1') in 0.013542 seconds 
  Import took 0.017639 seconds .

========================================================================
Received Import Request.
  Time since last request: 0.000233 seconds.
  path: Assets/Sprites/Walk (3).png
  artifactKey: Guid(e5151b8e47dd65f43a19e1a3be22cb30) Importer(815301076,1909f56bfc062723c751e8b465ee728b)
Start importing Assets/Sprites/Walk (3).png using Guid(e5151b8e47dd65f43a19e1a3be22cb30) Importer(815301076,1909f56bfc062723c751e8b465ee728b)  -> (artifact id: '06553407fc3eafb9b477b1c86aeb146a') in 0.015144 seconds 
  Import took 0.019215 seconds .

========================================================================
Received Import Request.
  Time since last request: 0.000233 seconds.
  path: Assets/Sprites/Hurt (10).png
  artifactKey: Guid(329307a3c3996974f8cae1a325eecddc) Importer(815301076,1909f56bfc062723c751e8b465ee728b)
Start importing Assets/Sprites/Hurt (10).png using Guid(329307a3c3996974f8cae1a325eecddc) Importer(815301076,1909f56bfc062723c751e8b465ee728b)  -> (artifact id: '349a14b60e50ecb99a245fb305504784') in 0.013601 seconds 
  Import took 0.017309 seconds .

========================================================================
Received Import Request.
  Time since last request: 0.000200 seconds.
  path: Assets/Sprites/Hurt (6).png
  artifactKey: Guid(a57e992fbefca184c8d964d40297f454) Importer(815301076,1909f56bfc062723c751e8b465ee728b)
Start importing Assets/Sprites/Hurt (6).png using Guid(a57e992fbefca184c8d964d40297f454) Importer(815301076,1909f56bfc062723c751e8b465ee728b)  -> (artifact id: 'bfa1be5b504232f8a0a9b35095c1819c') in 0.014107 seconds 
  Import took 0.017517 seconds .

========================================================================
Received Import Request.
  Time since last request: 0.000224 seconds.
  path: Assets/Sprites/Hurt (8).png
  artifactKey: Guid(8855b41b01705d145976eed97ac72d3e) Importer(815301076,1909f56bfc062723c751e8b465ee728b)
Start importing Assets/Sprites/Hurt (8).png using Guid(8855b41b01705d145976eed97ac72d3e) Importer(815301076,1909f56bfc062723c751e8b465ee728b)  -> (artifact id: 'c7f7efa8fcc8cfdc0c7ecdad86f73eb8') in 0.013837 seconds 
  Import took 0.017549 seconds .

========================================================================
Received Import Request.
  Time since last request: 0.000199 seconds.
  path: Assets/Sprites/Hurt (4).png
  artifactKey: Guid(b7146470de654a7438d0765ab6682793) Importer(815301076,1909f56bfc062723c751e8b465ee728b)
Start importing Assets/Sprites/Hurt (4).png using Guid(b7146470de654a7438d0765ab6682793) Importer(815301076,1909f56bfc062723c751e8b465ee728b)  -> (artifact id: '5b0503ae12d66551bad318b38e090ff7') in 0.013844 seconds 
  Import took 0.017766 seconds .

========================================================================
Received Import Request.
  Time since last request: 0.000222 seconds.
  path: Assets/Sprites/Hurt (7).png
  artifactKey: Guid(0def352758c59d5488c18509f43a3814) Importer(815301076,1909f56bfc062723c751e8b465ee728b)
Start importing Assets/Sprites/Hurt (7).png using Guid(0def352758c59d5488c18509f43a3814) Importer(815301076,1909f56bfc062723c751e8b465ee728b)  -> (artifact id: '992a53595d133b382fe390898c74562b') in 0.013036 seconds 
  Import took 0.016567 seconds .

========================================================================
Received Import Request.
  Time since last request: 0.000204 seconds.
  path: Assets/Sprites/Idle (3).png
  artifactKey: Guid(0e16632a0c75b7a47b740f2b11d7bd3b) Importer(815301076,1909f56bfc062723c751e8b465ee728b)
Start importing Assets/Sprites/Idle (3).png using Guid(0e16632a0c75b7a47b740f2b11d7bd3b) Importer(815301076,1909f56bfc062723c751e8b465ee728b)  -> (artifact id: 'c876feedea8063203d7122bbc0be12b9') in 0.013059 seconds 
  Import took 0.017047 seconds .

========================================================================
Received Import Request.
  Time since last request: 0.000368 seconds.
  path: Assets/Sprites/Hurt (7).png
  artifactKey: Guid(0def352758c59d5488c18509f43a3814) Importer(815301076,1909f56bfc062723c751e8b465ee728b)
Start importing Assets/Sprites/Hurt (7).png using Guid(0def352758c59d5488c18509f43a3814) Importer(815301076,1909f56bfc062723c751e8b465ee728b)  -> (artifact id: '992a53595d133b382fe390898c74562b') in 0.011979 seconds 
  Import took 0.016084 seconds .

========================================================================
Received Import Request.
  Time since last request: 0.000244 seconds.
  path: Assets/Sprites/Idle (3).png
  artifactKey: Guid(0e16632a0c75b7a47b740f2b11d7bd3b) Importer(815301076,1909f56bfc062723c751e8b465ee728b)
Start importing Assets/Sprites/Idle (3).png using Guid(0e16632a0c75b7a47b740f2b11d7bd3b) Importer(815301076,1909f56bfc062723c751e8b465ee728b)  -> (artifact id: 'c876feedea8063203d7122bbc0be12b9') in 0.012208 seconds 
  Import took 0.015665 seconds .

========================================================================
Received Import Request.
  Time since last request: 0.000202 seconds.
  path: Assets/Sprites/Idle (4).png
  artifactKey: Guid(95cad350c68bcd54893de2d58ca8398f) Importer(815301076,1909f56bfc062723c751e8b465ee728b)
Start importing Assets/Sprites/Idle (4).png using Guid(95cad350c68bcd54893de2d58ca8398f) Importer(815301076,1909f56bfc062723c751e8b465ee728b)  -> (artifact id: 'ab56773394c42807d9b775fa918cdc07') in 0.012446 seconds 
  Import took 0.015609 seconds .

========================================================================
Received Import Request.
  Time since last request: 0.000214 seconds.
  path: Assets/Sprites/Idle (7).png
  artifactKey: Guid(e51e2f8ef990ebb448ca690e241ac173) Importer(815301076,1909f56bfc062723c751e8b465ee728b)
Start importing Assets/Sprites/Idle (7).png using Guid(e51e2f8ef990ebb448ca690e241ac173) Importer(815301076,1909f56bfc062723c751e8b465ee728b)  -> (artifact id: 'e1103de12f81122446a73583aa642739') in 0.012057 seconds 
  Import took 0.015562 seconds .

========================================================================
Received Import Request.
  Time since last request: 0.000200 seconds.
  path: Assets/Sprites/Run (8).png
  artifactKey: Guid(3f7e52637d1595c4397f0c2d14a804dd) Importer(815301076,1909f56bfc062723c751e8b465ee728b)
Start importing Assets/Sprites/Run (8).png using Guid(3f7e52637d1595c4397f0c2d14a804dd) Importer(815301076,1909f56bfc062723c751e8b465ee728b)  -> (artifact id: 'a440559b280b353f7abd5e51ba2b8c2f') in 0.012872 seconds 
  Import took 0.016137 seconds .

========================================================================
Received Import Request.
  Time since last request: 0.000240 seconds.
  path: Assets/Sprites/Run (3).png
  artifactKey: Guid(e7daf577c314a3e478eca15842a43208) Importer(815301076,1909f56bfc062723c751e8b465ee728b)
Start importing Assets/Sprites/Run (3).png using Guid(e7daf577c314a3e478eca15842a43208) Importer(815301076,1909f56bfc062723c751e8b465ee728b)  -> (artifact id: 'dae0569d2cb271c79b0b4ad86bd03a60') in 0.013040 seconds 
  Import took 0.016780 seconds .

========================================================================
Received Prepare
Registering precompiled user dll's ...
Registered in 0.005493 seconds.
Begin MonoManager ReloadAssembly
Native extension for WindowsStandalone target not found
Native extension for WebGL target not found
Refreshing native plugins compatible for Editor in 0.52 ms, found 3 plugins.
Preloading 0 native plugins for Editor in 0.00 ms.
Mono: successfully reloaded assembly
- Completed reload, in  1.218 seconds
Domain Reload Profiling:
	ReloadAssembly (1218ms)
		BeginReloadAssembly (131ms)
			ExecutionOrderSort (0ms)
			DisableScriptedObjects (7ms)
			BackupInstance (0ms)
			ReleaseScriptingObjects (0ms)
			CreateAndSetChildDomain (36ms)
		EndReloadAssembly (1009ms)
			LoadAssemblies (107ms)
			RebuildTransferFunctionScriptingTraits (0ms)
			SetupTypeCache (312ms)
			ReleaseScriptCaches (1ms)
			RebuildScriptCaches (53ms)
			SetupLoadedEditorAssemblies (409ms)
				LogAssemblyErrors (0ms)
				InitializePlatformSupportModulesInManaged (7ms)
				SetLoadedEditorAssemblies (0ms)
				RefreshPlugins (1ms)
				BeforeProcessingInitializeOnLoad (104ms)
				ProcessInitializeOnLoadAttributes (283ms)
				ProcessInitializeOnLoadMethodAttributes (5ms)
				AfterProcessingInitializeOnLoad (9ms)
				EditorAssembliesLoaded (0ms)
			ExecutionOrderSort2 (0ms)
			AwakeInstancesAfterBackupRestoration (12ms)
Platform modules already initialized, skipping
Refreshing native plugins compatible for Editor in 0.53 ms, found 3 plugins.
Preloading 0 native plugins for Editor in 0.00 ms.
Unloading 2082 Unused Serialized files (Serialized files now loaded: 0)
System memory in use before: 96.3 MB.
System memory in use after: 96.4 MB.

Unloading 16 unused Assets to reduce memory usage. Loaded Objects now: 2549.
Total: 3.475000 ms (FindLiveObjects: 0.231900 ms CreateObjectMapping: 0.048400 ms MarkObjects: 3.169500 ms  DeleteObjects: 0.024100 ms)

AssetImportParameters requested are different than current active one (requested -> active):
  custom:framework-win-MediaFoundation: 216162199b28c13a410421893ffa2e32 -> 
  custom:video-decoder-ogg-theora: a1e56fd34408186e4bbccfd4996cb3dc -> 
  custom:container-muxer-webm: aa71ff27fc2769a1b78a27578f13a17b -> 
  custom:container-demuxer-webm: 4f35f7cbe854078d1ac9338744f61a02 -> 
  custom:container-demuxer-ogg: 62fdf1f143b41e24485cea50d1cbac27 -> 
  custom:video-encoder-webm-vp8: eb34c28f22e8b96e1ab97ce403110664 -> 
  custom:video-decoder-webm-vp8: 9c59270c3fd7afecdb556c50c9e8de78 -> 
  custom:audio-decoder-ogg-vorbis: bf7c407c2cedff20999df2af8eb42d56 -> 
  custom:audio-encoder-webm-vorbis: bf7c407c2cedff20999df2af8eb42d56 -> 
========================================================================
Received Prepare
Registering precompiled user dll's ...
Registered in 0.005050 seconds.
Begin MonoManager ReloadAssembly
Native extension for WindowsStandalone target not found
Native extension for WebGL target not found
Refreshing native plugins compatible for Editor in 0.94 ms, found 3 plugins.
Preloading 0 native plugins for Editor in 0.00 ms.
Mono: successfully reloaded assembly
- Completed reload, in  1.269 seconds
Domain Reload Profiling:
	ReloadAssembly (1269ms)
		BeginReloadAssembly (131ms)
			ExecutionOrderSort (0ms)
			DisableScriptedObjects (7ms)
			BackupInstance (0ms)
			ReleaseScriptingObjects (0ms)
			CreateAndSetChildDomain (35ms)
		EndReloadAssembly (1064ms)
			LoadAssemblies (103ms)
			RebuildTransferFunctionScriptingTraits (0ms)
			SetupTypeCache (323ms)
			ReleaseScriptCaches (1ms)
			RebuildScriptCaches (54ms)
			SetupLoadedEditorAssemblies (448ms)
				LogAssemblyErrors (0ms)
				InitializePlatformSupportModulesInManaged (10ms)
				SetLoadedEditorAssemblies (1ms)
				RefreshPlugins (1ms)
				BeforeProcessingInitializeOnLoad (124ms)
				ProcessInitializeOnLoadAttributes (298ms)
				ProcessInitializeOnLoadMethodAttributes (6ms)
				AfterProcessingInitializeOnLoad (9ms)
				EditorAssembliesLoaded (0ms)
			ExecutionOrderSort2 (0ms)
			AwakeInstancesAfterBackupRestoration (11ms)
Platform modules already initialized, skipping
Refreshing native plugins compatible for Editor in 0.52 ms, found 3 plugins.
Preloading 0 native plugins for Editor in 0.00 ms.
Unloading 2082 Unused Serialized files (Serialized files now loaded: 0)
System memory in use before: 96.3 MB.
System memory in use after: 96.4 MB.

Unloading 16 unused Assets to reduce memory usage. Loaded Objects now: 2552.
Total: 3.361400 ms (FindLiveObjects: 0.231300 ms CreateObjectMapping: 0.048400 ms MarkObjects: 3.060400 ms  DeleteObjects: 0.019800 ms)

AssetImportParameters requested are different than current active one (requested -> active):
  custom:framework-win-MediaFoundation: 216162199b28c13a410421893ffa2e32 -> 
  custom:video-decoder-ogg-theora: a1e56fd34408186e4bbccfd4996cb3dc -> 
  custom:container-muxer-webm: aa71ff27fc2769a1b78a27578f13a17b -> 
  custom:container-demuxer-webm: 4f35f7cbe854078d1ac9338744f61a02 -> 
  custom:container-demuxer-ogg: 62fdf1f143b41e24485cea50d1cbac27 -> 
  custom:video-encoder-webm-vp8: eb34c28f22e8b96e1ab97ce403110664 -> 
  custom:video-decoder-webm-vp8: 9c59270c3fd7afecdb556c50c9e8de78 -> 
  custom:audio-decoder-ogg-vorbis: bf7c407c2cedff20999df2af8eb42d56 -> 
  custom:audio-encoder-webm-vorbis: bf7c407c2cedff20999df2af8eb42d56 -> 
========================================================================
Received Prepare
Registering precompiled user dll's ...
Registered in 0.007211 seconds.
Begin MonoManager ReloadAssembly
Native extension for WindowsStandalone target not found
Native extension for WebGL target not found
Refreshing native plugins compatible for Editor in 0.54 ms, found 3 plugins.
Preloading 0 native plugins for Editor in 0.00 ms.
Mono: successfully reloaded assembly
- Completed reload, in  1.201 seconds
Domain Reload Profiling:
	ReloadAssembly (1201ms)
		BeginReloadAssembly (148ms)
			ExecutionOrderSort (0ms)
			DisableScriptedObjects (9ms)
			BackupInstance (0ms)
			ReleaseScriptingObjects (0ms)
			CreateAndSetChildDomain (47ms)
		EndReloadAssembly (968ms)
			LoadAssemblies (111ms)
			RebuildTransferFunctionScriptingTraits (0ms)
			SetupTypeCache (305ms)
			ReleaseScriptCaches (1ms)
			RebuildScriptCaches (46ms)
			SetupLoadedEditorAssemblies (402ms)
				LogAssemblyErrors (0ms)
				InitializePlatformSupportModulesInManaged (6ms)
				SetLoadedEditorAssemblies (0ms)
				RefreshPlugins (1ms)
				BeforeProcessingInitializeOnLoad (104ms)
				ProcessInitializeOnLoadAttributes (276ms)
				ProcessInitializeOnLoadMethodAttributes (6ms)
				AfterProcessingInitializeOnLoad (9ms)
				EditorAssembliesLoaded (0ms)
			ExecutionOrderSort2 (0ms)
			AwakeInstancesAfterBackupRestoration (12ms)
Platform modules already initialized, skipping
Refreshing native plugins compatible for Editor in 0.55 ms, found 3 plugins.
Preloading 0 native plugins for Editor in 0.00 ms.
Unloading 2082 Unused Serialized files (Serialized files now loaded: 0)
System memory in use before: 96.3 MB.
System memory in use after: 96.4 MB.

Unloading 16 unused Assets to reduce memory usage. Loaded Objects now: 2555.
Total: 3.238300 ms (FindLiveObjects: 0.211900 ms CreateObjectMapping: 0.054700 ms MarkObjects: 2.950700 ms  DeleteObjects: 0.019100 ms)

AssetImportParameters requested are different than current active one (requested -> active):
  custom:framework-win-MediaFoundation: 216162199b28c13a410421893ffa2e32 -> 
  custom:video-decoder-ogg-theora: a1e56fd34408186e4bbccfd4996cb3dc -> 
  custom:container-muxer-webm: aa71ff27fc2769a1b78a27578f13a17b -> 
  custom:container-demuxer-webm: 4f35f7cbe854078d1ac9338744f61a02 -> 
  custom:container-demuxer-ogg: 62fdf1f143b41e24485cea50d1cbac27 -> 
  custom:video-encoder-webm-vp8: eb34c28f22e8b96e1ab97ce403110664 -> 
  custom:video-decoder-webm-vp8: 9c59270c3fd7afecdb556c50c9e8de78 -> 
  custom:audio-decoder-ogg-vorbis: bf7c407c2cedff20999df2af8eb42d56 -> 
  custom:audio-encoder-webm-vorbis: bf7c407c2cedff20999df2af8eb42d56 -> 
========================================================================
Received Prepare
Registering precompiled user dll's ...
Registered in 0.005714 seconds.
Begin MonoManager ReloadAssembly
Native extension for WindowsStandalone target not found
Native extension for WebGL target not found
Refreshing native plugins compatible for Editor in 0.65 ms, found 3 plugins.
Preloading 0 native plugins for Editor in 0.00 ms.
Mono: successfully reloaded assembly
- Completed reload, in  1.218 seconds
Domain Reload Profiling:
	ReloadAssembly (1219ms)
		BeginReloadAssembly (129ms)
			ExecutionOrderSort (0ms)
			DisableScriptedObjects (7ms)
			BackupInstance (0ms)
			ReleaseScriptingObjects (0ms)
			CreateAndSetChildDomain (33ms)
		EndReloadAssembly (1011ms)
			LoadAssemblies (100ms)
			RebuildTransferFunctionScriptingTraits (0ms)
			SetupTypeCache (299ms)
			ReleaseScriptCaches (1ms)
			RebuildScriptCaches (56ms)
			SetupLoadedEditorAssemblies (426ms)
				LogAssemblyErrors (0ms)
				InitializePlatformSupportModulesInManaged (6ms)
				SetLoadedEditorAssemblies (0ms)
				RefreshPlugins (1ms)
				BeforeProcessingInitializeOnLoad (121ms)
				ProcessInitializeOnLoadAttributes (283ms)
				ProcessInitializeOnLoadMethodAttributes (5ms)
				AfterProcessingInitializeOnLoad (9ms)
				EditorAssembliesLoaded (0ms)
			ExecutionOrderSort2 (0ms)
			AwakeInstancesAfterBackupRestoration (11ms)
Platform modules already initialized, skipping
Refreshing native plugins compatible for Editor in 0.54 ms, found 3 plugins.
Preloading 0 native plugins for Editor in 0.00 ms.
Unloading 2082 Unused Serialized files (Serialized files now loaded: 0)
System memory in use before: 96.3 MB.
System memory in use after: 96.5 MB.

Unloading 16 unused Assets to reduce memory usage. Loaded Objects now: 2558.
Total: 3.559900 ms (FindLiveObjects: 0.243200 ms CreateObjectMapping: 0.054900 ms MarkObjects: 3.238000 ms  DeleteObjects: 0.022100 ms)

AssetImportParameters requested are different than current active one (requested -> active):
  custom:framework-win-MediaFoundation: 216162199b28c13a410421893ffa2e32 -> 
  custom:video-decoder-ogg-theora: a1e56fd34408186e4bbccfd4996cb3dc -> 
  custom:container-muxer-webm: aa71ff27fc2769a1b78a27578f13a17b -> 
  custom:container-demuxer-webm: 4f35f7cbe854078d1ac9338744f61a02 -> 
  custom:container-demuxer-ogg: 62fdf1f143b41e24485cea50d1cbac27 -> 
  custom:video-encoder-webm-vp8: eb34c28f22e8b96e1ab97ce403110664 -> 
  custom:video-decoder-webm-vp8: 9c59270c3fd7afecdb556c50c9e8de78 -> 
  custom:audio-decoder-ogg-vorbis: bf7c407c2cedff20999df2af8eb42d56 -> 
  custom:audio-encoder-webm-vorbis: bf7c407c2cedff20999df2af8eb42d56 -> 
========================================================================
Received Prepare
Registering precompiled user dll's ...
Registered in 0.005211 seconds.
Begin MonoManager ReloadAssembly
Native extension for WindowsStandalone target not found
Native extension for WebGL target not found
Refreshing native plugins compatible for Editor in 0.88 ms, found 3 plugins.
Preloading 0 native plugins for Editor in 0.00 ms.
Mono: successfully reloaded assembly
- Completed reload, in  1.218 seconds
Domain Reload Profiling:
	ReloadAssembly (1219ms)
		BeginReloadAssembly (118ms)
			ExecutionOrderSort (0ms)
			DisableScriptedObjects (7ms)
			BackupInstance (0ms)
			ReleaseScriptingObjects (0ms)
			CreateAndSetChildDomain (35ms)
		EndReloadAssembly (1031ms)
			LoadAssemblies (96ms)
			RebuildTransferFunctionScriptingTraits (0ms)
			SetupTypeCache (312ms)
			ReleaseScriptCaches (1ms)
			RebuildScriptCaches (60ms)
			SetupLoadedEditorAssemblies (429ms)
				LogAssemblyErrors (0ms)
				InitializePlatformSupportModulesInManaged (7ms)
				SetLoadedEditorAssemblies (1ms)
				RefreshPlugins (1ms)
				BeforeProcessingInitializeOnLoad (129ms)
				ProcessInitializeOnLoadAttributes (277ms)
				ProcessInitializeOnLoadMethodAttributes (6ms)
				AfterProcessingInitializeOnLoad (9ms)
				EditorAssembliesLoaded (0ms)
			ExecutionOrderSort2 (0ms)
			AwakeInstancesAfterBackupRestoration (11ms)
Platform modules already initialized, skipping
Refreshing native plugins compatible for Editor in 0.84 ms, found 3 plugins.
Preloading 0 native plugins for Editor in 0.00 ms.
Unloading 2082 Unused Serialized files (Serialized files now loaded: 0)
System memory in use before: 96.4 MB.
System memory in use after: 96.5 MB.

Unloading 16 unused Assets to reduce memory usage. Loaded Objects now: 2561.
Total: 3.483700 ms (FindLiveObjects: 0.232300 ms CreateObjectMapping: 0.050200 ms MarkObjects: 3.171900 ms  DeleteObjects: 0.027900 ms)

AssetImportParameters requested are different than current active one (requested -> active):
  custom:framework-win-MediaFoundation: 216162199b28c13a410421893ffa2e32 -> 
  custom:video-decoder-ogg-theora: a1e56fd34408186e4bbccfd4996cb3dc -> 
  custom:container-muxer-webm: aa71ff27fc2769a1b78a27578f13a17b -> 
  custom:container-demuxer-webm: 4f35f7cbe854078d1ac9338744f61a02 -> 
  custom:container-demuxer-ogg: 62fdf1f143b41e24485cea50d1cbac27 -> 
  custom:video-encoder-webm-vp8: eb34c28f22e8b96e1ab97ce403110664 -> 
  custom:video-decoder-webm-vp8: 9c59270c3fd7afecdb556c50c9e8de78 -> 
  custom:audio-decoder-ogg-vorbis: bf7c407c2cedff20999df2af8eb42d56 -> 
  custom:audio-encoder-webm-vorbis: bf7c407c2cedff20999df2af8eb42d56 -> 
========================================================================
Received Prepare
Refreshing native plugins compatible for Editor in 6.24 ms, found 3 plugins.
Preloading 0 native plugins for Editor in 0.00 ms.
Unloading 14 Unused Serialized files (Serialized files now loaded: 0)
System memory in use before: 54.8 MB.
System memory in use after: 55.0 MB.

Unloading 14 unused Assets to reduce memory usage. Loaded Objects now: 2561.
Total: 3.315100 ms (FindLiveObjects: 0.222300 ms CreateObjectMapping: 0.046400 ms MarkObjects: 3.026300 ms  DeleteObjects: 0.019300 ms)

AssetImportParameters requested are different than current active one (requested -> active):
  custom:framework-win-MediaFoundation: 216162199b28c13a410421893ffa2e32 -> 
  custom:video-decoder-ogg-theora: a1e56fd34408186e4bbccfd4996cb3dc -> 
  custom:container-muxer-webm: aa71ff27fc2769a1b78a27578f13a17b -> 
  custom:container-demuxer-webm: 4f35f7cbe854078d1ac9338744f61a02 -> 
  custom:container-demuxer-ogg: 62fdf1f143b41e24485cea50d1cbac27 -> 
  custom:video-encoder-webm-vp8: eb34c28f22e8b96e1ab97ce403110664 -> 
  custom:video-decoder-webm-vp8: 9c59270c3fd7afecdb556c50c9e8de78 -> 
  custom:audio-decoder-ogg-vorbis: bf7c407c2cedff20999df2af8eb42d56 -> 
  custom:audio-encoder-webm-vorbis: bf7c407c2cedff20999df2af8eb42d56 -> 
AssetImportWorkerClient::OnTransportError - code=2 error=End of file
